<?xml version="1.0" ?>
<testsuite errors="0" failures="0" name="CheckOpiFormat-20171122105549" tests="4" time="0.000">
	<testcase classname="CheckOpiFormat" name="test_GIVEN_an_opi_file_with_grouping_containers_WHEN_checking_the_background_colour_THEN_it_is_the_isis_background" time="0.000"/>
	<testcase classname="CheckOpiFormat" name="test_GIVEN_an_opi_file_with_labels_WHEN_checking_the_background_colour_THEN_it_is_the_isis_background" time="0.000"/>
	<testcase classname="CheckOpiFormat" name="test_GIVEN_an_opi_file_with_textbox_WHEN_checking_background_colour_THEN_it_is_the_isis_textbox_background" time="0.000"/>
	<testcase classname="CheckOpiFormat" name="test_GIVEN_an_opi_file_with_textbox_WHEN_checking_foreground_colour_THEN_it_is_the_isis_textbox_foreground" time="0.000"/>
	<system-out>
<![CDATA[]]>	</system-out>
	<system-err>
<![CDATA[]]>	</system-err>
</testsuite>
