<?xml version="1.0" ?>
<testsuite errors="0" failures="0" name="CheckOpiFormat-20171122111246" tests="6" time="0.030">
	<testcase classname="CheckOpiFormat" name="test_GIVEN_an_opi_file_with_grouping_containers_WHEN_checking_the_background_colour_THEN_it_is_the_isis_background" time="0.010"/>
	<testcase classname="CheckOpiFormat" name="test_GIVEN_an_opi_file_with_labels_WHEN_checking_the_background_colour_THEN_it_is_the_isis_background" time="0.010"/>
	<testcase classname="CheckOpiFormat" name="test_GIVEN_an_opi_file_with_led_WHEN_checking_off_colour_THEN_it_is_the_isis_led_off_colour" time="0.000"/>
	<testcase classname="CheckOpiFormat" name="test_GIVEN_an_opi_file_with_led_WHEN_checking_on_colour_THEN_it_is_the_isis_led_on_colour" time="0.000"/>
	<testcase classname="CheckOpiFormat" name="test_GIVEN_an_opi_file_with_textbox_WHEN_checking_background_colour_THEN_it_is_the_isis_textbox_background" time="0.010"/>
	<testcase classname="CheckOpiFormat" name="test_GIVEN_an_opi_file_with_textbox_WHEN_checking_foreground_colour_THEN_it_is_the_isis_textbox_foreground" time="0.000"/>
	<system-out>
<![CDATA[widget[@typeId='org.csstudio.opibuilder.widgets.groupingContainer']/background_color/color[not(@name) or (@name!='ISIS_OPI_Background')]
widget[@typeId='org.csstudio.opibuilder.widgets.Label']/background_color/color[not(@name) or (@name!='ISIS_Label_Background' and @name!='ISIS_Title_Background_NEW')]
widget[@typeId='org.csstudio.opibuilder.widgets.LED']/off_color/color[not(@name) or (@name!='ISIS_Green_LED_Off' and @name!='ISIS_Red_LED_Off')]
widget[@typeId='org.csstudio.opibuilder.widgets.LED']/on_color/color[not(@name) or (@name!='ISIS_Green_LED_On' and @name!='ISIS_Red_LED_On')]
widget[@typeId='org.csstudio.opibuilder.widgets.TextInput']/background_color/color[not(@name) or (@name!='ISIS_Textbox_Background')]
widget[@typeId='org.csstudio.opibuilder.widgets.TextInput']/foreground_color/color[not(@name) or (@name!='ISIS_Standard_Text')]
]]>	</system-out>
	<system-err>
<![CDATA[]]>	</system-err>
</testsuite>
