<?xml version="1.0" ?>
<testsuite errors="1" failures="0" name="CheckOpiFormat-20171122111245" tests="6" time="0.010">
	<testcase classname="CheckOpiFormat" name="test_GIVEN_an_opi_file_with_grouping_containers_WHEN_checking_the_background_colour_THEN_it_is_the_isis_background" time="0.000"/>
	<testcase classname="CheckOpiFormat" name="test_GIVEN_an_opi_file_with_led_WHEN_checking_off_colour_THEN_it_is_the_isis_led_off_colour" time="0.000"/>
	<testcase classname="CheckOpiFormat" name="test_GIVEN_an_opi_file_with_led_WHEN_checking_on_colour_THEN_it_is_the_isis_led_on_colour" time="0.010"/>
	<testcase classname="CheckOpiFormat" name="test_GIVEN_an_opi_file_with_textbox_WHEN_checking_background_colour_THEN_it_is_the_isis_textbox_background" time="0.000"/>
	<testcase classname="CheckOpiFormat" name="test_GIVEN_an_opi_file_with_textbox_WHEN_checking_foreground_colour_THEN_it_is_the_isis_textbox_foreground" time="0.000"/>
	<testcase classname="CheckOpiFormat" name="test_GIVEN_an_opi_file_with_labels_WHEN_checking_the_background_colour_THEN_it_is_the_isis_background" time="0.000">
		<error message="On line 716, text 'default active tab local PV', colour was not correct.
On line 757, text '$(DEFAULT_ACTIVE_TAB)', colour was not correct." type="AssertionError">
<![CDATA[Traceback (most recent call last):
  File "check_opi_format.py", line 322, in test_GIVEN_an_opi_file_with_labels_WHEN_checking_the_background_colour_THEN_it_is_the_isis_background
    self._assert_colour_correct("background_color", "Label", ["ISIS_Label_Background", "ISIS_Title_Background_NEW"])
  File "check_opi_format.py", line 316, in _assert_colour_correct
    ["On line {}, text '{}', colour was not correct.".format(*error) for error in errors]))
AssertionError: On line 716, text 'default active tab local PV', colour was not correct.
On line 757, text '$(DEFAULT_ACTIVE_TAB)', colour was not correct.
]]>		</error>
	</testcase>
	<system-out>
<![CDATA[widget[@typeId='org.csstudio.opibuilder.widgets.groupingContainer']/background_color/color[not(@name) or (@name!='ISIS_OPI_Background')]
widget[@typeId='org.csstudio.opibuilder.widgets.Label']/background_color/color[not(@name) or (@name!='ISIS_Label_Background' and @name!='ISIS_Title_Background_NEW')]
widget[@typeId='org.csstudio.opibuilder.widgets.LED']/off_color/color[not(@name) or (@name!='ISIS_Green_LED_Off' and @name!='ISIS_Red_LED_Off')]
widget[@typeId='org.csstudio.opibuilder.widgets.LED']/on_color/color[not(@name) or (@name!='ISIS_Green_LED_On' and @name!='ISIS_Red_LED_On')]
widget[@typeId='org.csstudio.opibuilder.widgets.TextInput']/background_color/color[not(@name) or (@name!='ISIS_Textbox_Background')]
widget[@typeId='org.csstudio.opibuilder.widgets.TextInput']/foreground_color/color[not(@name) or (@name!='ISIS_Standard_Text')]
]]>	</system-out>
	<system-err>
<![CDATA[]]>	</system-err>
</testsuite>
