<?xml version="1.0" encoding="UTF-8"?>
<testsuite name="TestCheckOpiFormatMethods-20230306130836" tests="43" file=".py" time="0.047" timestamp="2023-03-06T13:08:36" failures="0" errors="0" skipped="0">
	<testcase classname="TestCheckOpiFormatMethods" name="test_GIVEN_a_colourless_grouping_container_inside_a_tabbed_container_THEN_no_error" time="0.003" timestamp="2023-03-06T13:08:36" file="check_opi_format_tests.py" line="570"/>
	<testcase classname="TestCheckOpiFormatMethods" name="test_that_a_grouping_container_with_a_no_capitalisation_causes_one_error" time="0.001" timestamp="2023-03-06T13:08:36" file="check_opi_format_tests.py" line="341"/>
	<testcase classname="TestCheckOpiFormatMethods" name="test_that_a_grouping_container_with_a_title_case_name_causes_no_errors" time="0.000" timestamp="2023-03-06T13:08:36" file="check_opi_format_tests.py" line="331"/>
	<testcase classname="TestCheckOpiFormatMethods" name="test_that_a_label_with_a_badly_capitalized_name_causes_one_error" time="0.001" timestamp="2023-03-06T13:08:36" file="check_opi_format_tests.py" line="381"/>
	<testcase classname="TestCheckOpiFormatMethods" name="test_that_a_label_with_a_colon_at_the_end_causes_no_errors" time="0.001" timestamp="2023-03-06T13:08:36" file="check_opi_format_tests.py" line="392"/>
	<testcase classname="TestCheckOpiFormatMethods" name="test_that_a_label_with_a_properly_capitalised_name_and_a_capitalised_abbreviation_causes_no_errors" time="0.001" timestamp="2023-03-06T13:08:36" file="check_opi_format_tests.py" line="361"/>
	<testcase classname="TestCheckOpiFormatMethods" name="test_that_a_label_with_a_properly_capitalised_name_causes_no_errors" time="0.001" timestamp="2023-03-06T13:08:36" file="check_opi_format_tests.py" line="351"/>
	<testcase classname="TestCheckOpiFormatMethods" name="test_that_a_label_with_a_short_first_word_that_is_not_capitalised_causes_one_error" time="0.001" timestamp="2023-03-06T13:08:36" file="check_opi_format_tests.py" line="371"/>
	<testcase classname="TestCheckOpiFormatMethods" name="test_that_a_label_with_ellipsis_at_the_end_causes_no_errors" time="0.001" timestamp="2023-03-06T13:08:36" file="check_opi_format_tests.py" line="412"/>
	<testcase classname="TestCheckOpiFormatMethods" name="test_that_a_label_with_no_colon_at_the_end_causes_one_error" time="0.001" timestamp="2023-03-06T13:08:36" file="check_opi_format_tests.py" line="402"/>
	<testcase classname="TestCheckOpiFormatMethods" name="test_that_if_a_graph_has_0_time_format_then_no_error" time="0.001" timestamp="2023-03-06T13:08:36" file="check_opi_format_tests.py" line="556"/>
	<testcase classname="TestCheckOpiFormatMethods" name="test_that_if_a_graph_has_a_trigger_pv_then_no_error" time="0.001" timestamp="2023-03-06T13:08:36" file="check_opi_format_tests.py" line="528"/>
	<testcase classname="TestCheckOpiFormatMethods" name="test_that_if_a_graph_has_an_empty_trigger_pv_then_error" time="0.001" timestamp="2023-03-06T13:08:36" file="check_opi_format_tests.py" line="513"/>
	<testcase classname="TestCheckOpiFormatMethods" name="test_that_if_a_graph_has_different_buffer_sizes_then_error" time="0.002" timestamp="2023-03-06T13:08:36" file="check_opi_format_tests.py" line="462"/>
	<testcase classname="TestCheckOpiFormatMethods" name="test_that_if_a_graph_has_no_time_format_then_no_error" time="0.001" timestamp="2023-03-06T13:08:36" file="check_opi_format_tests.py" line="543"/>
	<testcase classname="TestCheckOpiFormatMethods" name="test_that_if_a_label_contains_an_ignored_word_then_it_causes_no_errors" time="0.000" timestamp="2023-03-06T13:08:36" file="check_opi_format_tests.py" line="432"/>
	<testcase classname="TestCheckOpiFormatMethods" name="test_that_if_a_label_has_only_a_number_as_text_then_it_causes_no_errors" time="0.000" timestamp="2023-03-06T13:08:36" file="check_opi_format_tests.py" line="422"/>
	<testcase classname="TestCheckOpiFormatMethods" name="test_that_if_a_label_outside_a_grouping_container_is_capitalised_in_title_case_it_causes_no_errors" time="0.000" timestamp="2023-03-06T13:08:36" file="check_opi_format_tests.py" line="442"/>
	<testcase classname="TestCheckOpiFormatMethods" name="test_that_if_a_label_outside_a_grouping_container_is_not_capitalised_in_title_case_it_causes_one_error" time="0.001" timestamp="2023-03-06T13:08:36" file="check_opi_format_tests.py" line="452"/>
	<testcase classname="TestCheckOpiFormatMethods" name="test_that_if_a_label_tag_with_a_valid_font_in_the_fontname_attribute_is_parsed_it_causes_no_errors" time="0.001" timestamp="2023-03-06T13:08:36" file="check_opi_format_tests.py" line="163"/>
	<testcase classname="TestCheckOpiFormatMethods" name="test_that_if_a_label_tag_with_a_valid_font_is_parsed_it_causes_no_errors" time="0.001" timestamp="2023-03-06T13:08:36" file="check_opi_format_tests.py" line="153"/>
	<testcase classname="TestCheckOpiFormatMethods" name="test_that_if_a_label_tag_with_an_invalid_font_is_parsed_it_causes_one_error" time="0.001" timestamp="2023-03-06T13:08:36" file="check_opi_format_tests.py" line="173"/>
	<testcase classname="TestCheckOpiFormatMethods" name="test_that_if_a_plot_area_with_an_invalid_background_colour_is_parsed_it_causes_one_error" time="0.002" timestamp="2023-03-06T13:08:36" file="check_opi_format_tests.py" line="196"/>
	<testcase classname="TestCheckOpiFormatMethods" name="test_that_if_a_plot_area_with_an_valid_background_colour_is_parsed_it_causes_no_errors" time="0.001" timestamp="2023-03-06T13:08:36" file="check_opi_format_tests.py" line="183"/>
	<testcase classname="TestCheckOpiFormatMethods" name="test_that_if_a_push_button_is_defined_outside_a_grouping_container_it_causes_one_error" time="0.002" timestamp="2023-03-06T13:08:36" file="check_opi_format_tests.py" line="319"/>
	<testcase classname="TestCheckOpiFormatMethods" name="test_that_if_a_push_button_is_defined_within_a_grouping_container_it_causes_no_errors" time="0.001" timestamp="2023-03-06T13:08:36" file="check_opi_format_tests.py" line="308"/>
	<testcase classname="TestCheckOpiFormatMethods" name="test_that_if_a_textbox_with_a_valid_background_colour_is_parsed_it_causes_no_errors" time="0.001" timestamp="2023-03-06T13:08:36" file="check_opi_format_tests.py" line="209"/>
	<testcase classname="TestCheckOpiFormatMethods" name="test_that_if_a_textbox_with_a_valid_border_colour_is_parsed_it_causes_no_errors" time="0.002" timestamp="2023-03-06T13:08:36" file="check_opi_format_tests.py" line="242"/>
	<testcase classname="TestCheckOpiFormatMethods" name="test_that_if_a_textbox_with_a_valid_foreground_colour_is_parsed_it_causes_no_errors" time="0.001" timestamp="2023-03-06T13:08:36" file="check_opi_format_tests.py" line="275"/>
	<testcase classname="TestCheckOpiFormatMethods" name="test_that_if_a_textbox_with_an_invalid_background_colour_is_parsed_it_causes_one_error" time="0.001" timestamp="2023-03-06T13:08:36" file="check_opi_format_tests.py" line="220"/>
	<testcase classname="TestCheckOpiFormatMethods" name="test_that_if_a_textbox_with_an_invalid_border_colour_is_parsed_it_causes_one_error" time="0.001" timestamp="2023-03-06T13:08:36" file="check_opi_format_tests.py" line="253"/>
	<testcase classname="TestCheckOpiFormatMethods" name="test_that_if_a_textbox_with_an_invalid_foreground_colour_is_parsed_it_causes_one_error" time="0.001" timestamp="2023-03-06T13:08:36" file="check_opi_format_tests.py" line="286"/>
	<testcase classname="TestCheckOpiFormatMethods" name="test_that_if_a_textbox_with_no_named_background_colour_is_parsed_it_causes_one_error" time="0.001" timestamp="2023-03-06T13:08:36" file="check_opi_format_tests.py" line="231"/>
	<testcase classname="TestCheckOpiFormatMethods" name="test_that_if_a_textbox_with_no_named_border_colour_is_parsed_it_causes_one_error" time="0.001" timestamp="2023-03-06T13:08:36" file="check_opi_format_tests.py" line="264"/>
	<testcase classname="TestCheckOpiFormatMethods" name="test_that_if_a_textbox_with_no_named_foreground_colour_is_parsed_it_causes_one_error" time="0.002" timestamp="2023-03-06T13:08:36" file="check_opi_format_tests.py" line="297"/>
	<testcase classname="TestCheckOpiFormatMethods" name="test_that_if_a_valid_led_tag_is_parsed_it_causes_no_errors" time="0.001" timestamp="2023-03-06T13:08:36" file="check_opi_format_tests.py" line="98"/>
	<testcase classname="TestCheckOpiFormatMethods" name="test_that_if_a_widget_with_invalid_position_is_parsed_it_causes_errors" time="0.001" timestamp="2023-03-06T13:08:36" file="check_opi_format_tests.py" line="87"/>
	<testcase classname="TestCheckOpiFormatMethods" name="test_that_if_a_widget_with_valid_position_is_parsed_it_causes_no_errors" time="0.001" timestamp="2023-03-06T13:08:36" file="check_opi_format_tests.py" line="76"/>
	<testcase classname="TestCheckOpiFormatMethods" name="test_that_if_an_off_led_tag_with_an_incorrect_named_colour_is_parsed_it_causes_one_error" time="0.001" timestamp="2023-03-06T13:08:36" file="check_opi_format_tests.py" line="142"/>
	<testcase classname="TestCheckOpiFormatMethods" name="test_that_if_an_off_led_tag_without_a_named_colour_is_parsed_it_causes_one_error" time="0.001" timestamp="2023-03-06T13:08:36" file="check_opi_format_tests.py" line="131"/>
	<testcase classname="TestCheckOpiFormatMethods" name="test_that_if_an_on_led_tag_with_an_incorrect_named_colour_is_parsed_it_causes_one_error" time="0.001" timestamp="2023-03-06T13:08:36" file="check_opi_format_tests.py" line="120"/>
	<testcase classname="TestCheckOpiFormatMethods" name="test_that_if_an_on_led_tag_without_a_named_colour_is_parsed_it_causes_one_error" time="0.002" timestamp="2023-03-06T13:08:36" file="check_opi_format_tests.py" line="109"/>
	<testcase classname="TestCheckOpiFormatMethods" name="test_that_if_there_are_two_graphs_with_different_buffer_sizes_there_is_no_error" time="0.001" timestamp="2023-03-06T13:08:36" file="check_opi_format_tests.py" line="490"/>
</testsuite>
